2025-04-04T19:02:03.739+05:00  INFO 13420 --- [Qarshi_Sovgalar] [main] c.e.q.QarshiSovgalarApplication          : Starting QarshiSovgalarApplication using Java 17.0.11 with PID 13420 (D:\Java\Back-end\Qarshi_Sovgalar\target\classes started by Bobomurodov in D:\Java\Back-end\Qarshi_Sovgalar)
2025-04-04T19:02:03.744+05:00  INFO 13420 --- [Qarshi_Sovgalar] [main] c.e.q.QarshiSovgalarApplication          : No active profile set, falling back to 1 default profile: "default"
2025-04-04T19:02:05.383+05:00  INFO 13420 --- [Qarshi_Sovgalar] [main] .s.d.r.c.RepositoryConfigurationDelegate : Bootstrapping Spring Data JPA repositories in DEFAULT mode.
2025-04-04T19:02:05.494+05:00  INFO 13420 --- [Qarshi_Sovgalar] [main] .s.d.r.c.RepositoryConfigurationDelegate : Finished Spring Data repository scanning in 93 ms. Found 1 JPA repository interface.
2025-04-04T19:02:06.645+05:00  INFO 13420 --- [Qarshi_Sovgalar] [main] o.s.b.w.embedded.tomcat.TomcatWebServer  : Tomcat initialized with port 8080 (http)
2025-04-04T19:02:06.677+05:00  INFO 13420 --- [Qarshi_Sovgalar] [main] o.apache.catalina.core.StandardService   : Starting service [Tomcat]
2025-04-04T19:02:06.678+05:00  INFO 13420 --- [Qarshi_Sovgalar] [main] o.apache.catalina.core.StandardEngine    : Starting Servlet engine: [Apache Tomcat/10.1.33]
2025-04-04T19:02:06.779+05:00  INFO 13420 --- [Qarshi_Sovgalar] [main] o.a.c.c.C.[Tomcat].[localhost].[/]       : Initializing Spring embedded WebApplicationContext
2025-04-04T19:02:06.780+05:00  INFO 13420 --- [Qarshi_Sovgalar] [main] w.s.c.ServletWebServerApplicationContext : Root WebApplicationContext: initialization completed in 2957 ms
2025-04-04T19:02:07.018+05:00  INFO 13420 --- [Qarshi_Sovgalar] [main] o.hibernate.jpa.internal.util.LogHelper  : HHH000204: Processing PersistenceUnitInfo [name: default]
2025-04-04T19:02:07.129+05:00  INFO 13420 --- [Qarshi_Sovgalar] [main] org.hibernate.Version                    : HHH000412: Hibernate ORM core version 6.6.2.Final
2025-04-04T19:02:07.182+05:00  INFO 13420 --- [Qarshi_Sovgalar] [main] o.h.c.internal.RegionFactoryInitiator    : HHH000026: Second-level cache disabled
2025-04-04T19:02:07.631+05:00  INFO 13420 --- [Qarshi_Sovgalar] [main] o.s.o.j.p.SpringPersistenceUnitInfo      : No LoadTimeWeaver setup: ignoring JPA class transformer
2025-04-04T19:02:07.679+05:00  INFO 13420 --- [Qarshi_Sovgalar] [main] com.zaxxer.hikari.HikariDataSource       : HikariPool-1 - Starting...
2025-04-04T19:02:07.952+05:00  INFO 13420 --- [Qarshi_Sovgalar] [main] com.zaxxer.hikari.pool.HikariPool        : HikariPool-1 - Added connection org.postgresql.jdbc.PgConnection@7434ee13
2025-04-04T19:02:07.955+05:00  INFO 13420 --- [Qarshi_Sovgalar] [main] com.zaxxer.hikari.HikariDataSource       : HikariPool-1 - Start completed.
2025-04-04T19:02:08.074+05:00  INFO 13420 --- [Qarshi_Sovgalar] [main] org.hibernate.orm.connections.pooling    : HHH10001005: Database info:
	Database JDBC URL [Connecting through datasource 'HikariDataSource (HikariPool-1)']
	Database driver: undefined/unknown
	Database version: 16.3
	Autocommit mode: undefined/unknown
	Isolation level: undefined/unknown
	Minimum pool size: undefined/unknown
	Maximum pool size: undefined/unknown
2025-04-04T19:02:09.985+05:00  INFO 13420 --- [Qarshi_Sovgalar] [main] o.h.e.t.j.p.i.JtaPlatformInitiator       : HHH000489: No JTA platform available (set 'hibernate.transaction.jta.platform' to enable JTA platform integration)
2025-04-04T19:02:10.307+05:00  INFO 13420 --- [Qarshi_Sovgalar] [main] j.LocalContainerEntityManagerFactoryBean : Initialized JPA EntityManagerFactory for persistence unit 'default'
2025-04-04T19:02:10.698+05:00  INFO 13420 --- [Qarshi_Sovgalar] [main] o.s.d.j.r.query.QueryEnhancerFactory     : Hibernate is in classpath; If applicable, HQL parser will be used.
2025-04-04T19:02:11.651+05:00  INFO 13420 --- [Qarshi_Sovgalar] [main] eAuthenticationProviderManagerConfigurer : Global AuthenticationManager configured with AuthenticationProvider bean with name authenticationProvider
2025-04-04T19:02:11.652+05:00  WARN 13420 --- [Qarshi_Sovgalar] [main] r$InitializeUserDetailsManagerConfigurer : Global AuthenticationManager configured with an AuthenticationProvider bean. UserDetailsService beans will not be used by Spring Security for automatically configuring username/password login. Consider removing the AuthenticationProvider bean. Alternatively, consider using the UserDetailsService in a manually instantiated DaoAuthenticationProvider. If the current configuration is intentional, to turn off this warning, increase the logging level of 'org.springframework.security.config.annotation.authentication.configuration.InitializeUserDetailsBeanManagerConfigurer' to ERROR
2025-04-04T19:02:13.648+05:00  INFO 13420 --- [Qarshi_Sovgalar] [main] o.s.b.w.embedded.tomcat.TomcatWebServer  : Tomcat started on port 8080 (http) with context path '/'
2025-04-04T19:02:13.668+05:00  INFO 13420 --- [Qarshi_Sovgalar] [main] c.e.q.QarshiSovgalarApplication          : Started QarshiSovgalarApplication in 10.781 seconds (process running for 11.938)
2025-04-04T19:07:20.963+05:00  INFO 13420 --- [Qarshi_Sovgalar] [SpringApplicationShutdownHook] o.s.b.w.e.tomcat.GracefulShutdown        : Commencing graceful shutdown. Waiting for active requests to complete
2025-04-04T19:07:21.286+05:00  INFO 13420 --- [Qarshi_Sovgalar] [tomcat-shutdown] o.s.b.w.e.tomcat.GracefulShutdown        : Graceful shutdown complete
2025-04-04T19:07:21.300+05:00  INFO 13420 --- [Qarshi_Sovgalar] [SpringApplicationShutdownHook] j.LocalContainerEntityManagerFactoryBean : Closing JPA EntityManagerFactory for persistence unit 'default'
2025-04-04T19:07:21.307+05:00  INFO 13420 --- [Qarshi_Sovgalar] [SpringApplicationShutdownHook] com.zaxxer.hikari.HikariDataSource       : HikariPool-1 - Shutdown initiated...
2025-04-04T19:07:21.336+05:00  INFO 13420 --- [Qarshi_Sovgalar] [SpringApplicationShutdownHook] com.zaxxer.hikari.HikariDataSource       : HikariPool-1 - Shutdown completed.
2025-04-04T19:07:30.137+05:00  INFO 13776 --- [Qarshi_Sovgalar] [main] c.e.q.QarshiSovgalarApplication          : Starting QarshiSovgalarApplication using Java 17.0.11 with PID 13776 (D:\Java\Back-end\Qarshi_Sovgalar\target\classes started by Bobomurodov in D:\Java\Back-end\Qarshi_Sovgalar)
2025-04-04T19:07:30.142+05:00  INFO 13776 --- [Qarshi_Sovgalar] [main] c.e.q.QarshiSovgalarApplication          : No active profile set, falling back to 1 default profile: "default"
2025-04-04T19:07:31.898+05:00  INFO 13776 --- [Qarshi_Sovgalar] [main] .s.d.r.c.RepositoryConfigurationDelegate : Bootstrapping Spring Data JPA repositories in DEFAULT mode.
2025-04-04T19:07:32.012+05:00  INFO 13776 --- [Qarshi_Sovgalar] [main] .s.d.r.c.RepositoryConfigurationDelegate : Finished Spring Data repository scanning in 99 ms. Found 2 JPA repository interfaces.
2025-04-04T19:07:33.226+05:00  INFO 13776 --- [Qarshi_Sovgalar] [main] o.s.b.w.embedded.tomcat.TomcatWebServer  : Tomcat initialized with port 8080 (http)
2025-04-04T19:07:33.247+05:00  INFO 13776 --- [Qarshi_Sovgalar] [main] o.apache.catalina.core.StandardService   : Starting service [Tomcat]
2025-04-04T19:07:33.247+05:00  INFO 13776 --- [Qarshi_Sovgalar] [main] o.apache.catalina.core.StandardEngine    : Starting Servlet engine: [Apache Tomcat/10.1.33]
2025-04-04T19:07:33.369+05:00  INFO 13776 --- [Qarshi_Sovgalar] [main] o.a.c.c.C.[Tomcat].[localhost].[/]       : Initializing Spring embedded WebApplicationContext
2025-04-04T19:07:33.370+05:00  INFO 13776 --- [Qarshi_Sovgalar] [main] w.s.c.ServletWebServerApplicationContext : Root WebApplicationContext: initialization completed in 3142 ms
2025-04-04T19:07:33.645+05:00  INFO 13776 --- [Qarshi_Sovgalar] [main] o.hibernate.jpa.internal.util.LogHelper  : HHH000204: Processing PersistenceUnitInfo [name: default]
2025-04-04T19:07:33.788+05:00  INFO 13776 --- [Qarshi_Sovgalar] [main] org.hibernate.Version                    : HHH000412: Hibernate ORM core version 6.6.2.Final
2025-04-04T19:07:33.859+05:00  INFO 13776 --- [Qarshi_Sovgalar] [main] o.h.c.internal.RegionFactoryInitiator    : HHH000026: Second-level cache disabled
2025-04-04T19:07:34.383+05:00  INFO 13776 --- [Qarshi_Sovgalar] [main] o.s.o.j.p.SpringPersistenceUnitInfo      : No LoadTimeWeaver setup: ignoring JPA class transformer
2025-04-04T19:07:34.439+05:00  INFO 13776 --- [Qarshi_Sovgalar] [main] com.zaxxer.hikari.HikariDataSource       : HikariPool-1 - Starting...
2025-04-04T19:07:34.748+05:00  INFO 13776 --- [Qarshi_Sovgalar] [main] com.zaxxer.hikari.pool.HikariPool        : HikariPool-1 - Added connection org.postgresql.jdbc.PgConnection@4e1a3d5a
2025-04-04T19:07:34.751+05:00  INFO 13776 --- [Qarshi_Sovgalar] [main] com.zaxxer.hikari.HikariDataSource       : HikariPool-1 - Start completed.
2025-04-04T19:07:34.904+05:00  INFO 13776 --- [Qarshi_Sovgalar] [main] org.hibernate.orm.connections.pooling    : HHH10001005: Database info:
	Database JDBC URL [Connecting through datasource 'HikariDataSource (HikariPool-1)']
	Database driver: undefined/unknown
	Database version: 16.3
	Autocommit mode: undefined/unknown
	Isolation level: undefined/unknown
	Minimum pool size: undefined/unknown
	Maximum pool size: undefined/unknown
2025-04-04T19:07:36.951+05:00  INFO 13776 --- [Qarshi_Sovgalar] [main] o.h.e.t.j.p.i.JtaPlatformInitiator       : HHH000489: No JTA platform available (set 'hibernate.transaction.jta.platform' to enable JTA platform integration)
2025-04-04T19:07:37.240+05:00  INFO 13776 --- [Qarshi_Sovgalar] [main] j.LocalContainerEntityManagerFactoryBean : Initialized JPA EntityManagerFactory for persistence unit 'default'
2025-04-04T19:07:37.650+05:00  INFO 13776 --- [Qarshi_Sovgalar] [main] o.s.d.j.r.query.QueryEnhancerFactory     : Hibernate is in classpath; If applicable, HQL parser will be used.
2025-04-04T19:07:38.685+05:00  INFO 13776 --- [Qarshi_Sovgalar] [main] eAuthenticationProviderManagerConfigurer : Global AuthenticationManager configured with AuthenticationProvider bean with name authenticationProvider
2025-04-04T19:07:38.687+05:00  WARN 13776 --- [Qarshi_Sovgalar] [main] r$InitializeUserDetailsManagerConfigurer : Global AuthenticationManager configured with an AuthenticationProvider bean. UserDetailsService beans will not be used by Spring Security for automatically configuring username/password login. Consider removing the AuthenticationProvider bean. Alternatively, consider using the UserDetailsService in a manually instantiated DaoAuthenticationProvider. If the current configuration is intentional, to turn off this warning, increase the logging level of 'org.springframework.security.config.annotation.authentication.configuration.InitializeUserDetailsBeanManagerConfigurer' to ERROR
2025-04-04T19:07:40.514+05:00  INFO 13776 --- [Qarshi_Sovgalar] [main] o.s.b.w.embedded.tomcat.TomcatWebServer  : Tomcat started on port 8080 (http) with context path '/'
2025-04-04T19:07:40.535+05:00  INFO 13776 --- [Qarshi_Sovgalar] [main] c.e.q.QarshiSovgalarApplication          : Started QarshiSovgalarApplication in 11.236 seconds (process running for 12.547)
2025-04-04T19:07:44.096+05:00  INFO 13776 --- [Qarshi_Sovgalar] [http-nio-8080-exec-2] o.a.c.c.C.[Tomcat].[localhost].[/]       : Initializing Spring DispatcherServlet 'dispatcherServlet'
2025-04-04T19:07:44.097+05:00  INFO 13776 --- [Qarshi_Sovgalar] [http-nio-8080-exec-2] o.s.web.servlet.DispatcherServlet        : Initializing Servlet 'dispatcherServlet'
2025-04-04T19:07:44.099+05:00  INFO 13776 --- [Qarshi_Sovgalar] [http-nio-8080-exec-2] o.s.web.servlet.DispatcherServlet        : Completed initialization in 2 ms
2025-04-04T19:07:45.192+05:00  INFO 13776 --- [Qarshi_Sovgalar] [http-nio-8080-exec-10] o.springdoc.api.AbstractOpenApiResource  : Init duration for springdoc-openapi is: 464 ms
2025-04-04T19:27:42.472+05:00  WARN 13776 --- [Qarshi_Sovgalar] [HikariPool-1 housekeeper] com.zaxxer.hikari.pool.HikariPool        : HikariPool-1 - Thread starvation or clock leap detected (housekeeper delta=6m37s487ms521µs100ns).
2025-04-04T20:05:35.340+05:00  INFO 13776 --- [Qarshi_Sovgalar] [SpringApplicationShutdownHook] o.s.b.w.e.tomcat.GracefulShutdown        : Commencing graceful shutdown. Waiting for active requests to complete
2025-04-04T20:05:35.554+05:00  INFO 13776 --- [Qarshi_Sovgalar] [tomcat-shutdown] o.s.b.w.e.tomcat.GracefulShutdown        : Graceful shutdown complete
2025-04-04T20:05:35.600+05:00  INFO 13776 --- [Qarshi_Sovgalar] [SpringApplicationShutdownHook] j.LocalContainerEntityManagerFactoryBean : Closing JPA EntityManagerFactory for persistence unit 'default'
2025-04-04T20:05:35.639+05:00  INFO 13776 --- [Qarshi_Sovgalar] [SpringApplicationShutdownHook] com.zaxxer.hikari.HikariDataSource       : HikariPool-1 - Shutdown initiated...
2025-04-04T20:05:35.659+05:00  INFO 13776 --- [Qarshi_Sovgalar] [SpringApplicationShutdownHook] com.zaxxer.hikari.HikariDataSource       : HikariPool-1 - Shutdown completed.
